<?xml version="1.0" encoding="UTF-8"?>
<testng-results ignored="0" total="5" passed="4" failed="1" skipped="0">
  <reporter-output>
  </reporter-output>
  <suite started-at="2025-04-29T15:28:23Z" name="box com" finished-at="2025-04-29T15:29:16Z" duration-ms="52754">
    <groups>
    </groups>
    <test started-at="2025-04-29T15:28:23Z" name="box" finished-at="2025-04-29T15:29:16Z" duration-ms="52754">
      <class name="tests.HomePageTest">
        <test-method is-config="true" signature="setup()[pri:0, instance:tests.HomePageTest@48bb62]" started-at="2025-04-29T15:28:30Z" name="setup" finished-at="2025-04-29T15:28:34Z" duration-ms="3334" status="PASS">
          <reporter-output>
          </reporter-output>
        </test-method> <!-- setup -->
        <test-method is-config="true" signature="setupHome()[pri:0, instance:tests.HomePageTest@48bb62]" started-at="2025-04-29T15:28:34Z" name="setupHome" finished-at="2025-04-29T15:28:43Z" duration-ms="9175" status="PASS">
          <reporter-output>
          </reporter-output>
        </test-method> <!-- setupHome -->
        <test-method signature="verifyTitle()[pri:1, instance:tests.HomePageTest@48bb62]" started-at="2025-04-29T15:28:43Z" name="verifyTitle" finished-at="2025-04-29T15:28:48Z" duration-ms="5058" status="FAIL">
          <exception class="java.lang.AssertionError">
            <message>
              <![CDATA[expected [All Files | Powered by Box] but found [folder1 | Powered by Box]]]>
            </message>
            <full-stacktrace>
              <![CDATA[java.lang.AssertionError: expected [All Files | Powered by Box] but found [folder1 | Powered by Box]
at org.testng.Assert.fail(Assert.java:96)
at org.testng.Assert.failNotEquals(Assert.java:776)
at org.testng.Assert.assertEqualsImpl(Assert.java:137)
at org.testng.Assert.assertEquals(Assert.java:118)
at org.testng.Assert.assertEquals(Assert.java:453)
at org.testng.Assert.assertEquals(Assert.java:463)
at tests.HomePageTest.verifyTitle(HomePageTest.java:32)
at java.base/jdk.internal.reflect.NativeMethodAccessorImpl.invoke0(Native Method)
at java.base/jdk.internal.reflect.NativeMethodAccessorImpl.invoke(NativeMethodAccessorImpl.java:77)
at java.base/jdk.internal.reflect.DelegatingMethodAccessorImpl.invoke(DelegatingMethodAccessorImpl.java:43)
at java.base/java.lang.reflect.Method.invoke(Method.java:568)
at org.testng.internal.MethodInvocationHelper.invokeMethod(MethodInvocationHelper.java:124)
at org.testng.internal.Invoker.invokeMethod(Invoker.java:583)
at org.testng.internal.Invoker.invokeTestMethod(Invoker.java:719)
at org.testng.internal.Invoker.invokeTestMethods(Invoker.java:989)
at org.testng.internal.TestMethodWorker.invokeTestMethods(TestMethodWorker.java:125)
at org.testng.internal.TestMethodWorker.run(TestMethodWorker.java:109)
at org.testng.TestRunner.privateRun(TestRunner.java:648)
at org.testng.TestRunner.run(TestRunner.java:505)
at org.testng.SuiteRunner.runTest(SuiteRunner.java:455)
at org.testng.SuiteRunner.runSequentially(SuiteRunner.java:450)
at org.testng.SuiteRunner.privateRun(SuiteRunner.java:415)
at org.testng.SuiteRunner.run(SuiteRunner.java:364)
at org.testng.SuiteRunnerWorker.runSuite(SuiteRunnerWorker.java:52)
at org.testng.SuiteRunnerWorker.run(SuiteRunnerWorker.java:84)
at org.testng.TestNG.runSuitesSequentially(TestNG.java:1208)
at org.testng.TestNG.runSuitesLocally(TestNG.java:1137)
at org.testng.TestNG.runSuites(TestNG.java:1049)
at org.testng.TestNG.run(TestNG.java:1017)
at org.testng.remote.AbstractRemoteTestNG.run(AbstractRemoteTestNG.java:115)
at org.testng.remote.RemoteTestNG.initAndRun(RemoteTestNG.java:293)
at org.testng.remote.RemoteTestNG.main(RemoteTestNG.java:91)
]]>
            </full-stacktrace>
          </exception> <!-- java.lang.AssertionError -->
          <reporter-output>
          </reporter-output>
        </test-method> <!-- verifyTitle -->
        <test-method signature="createFolder(java.lang.String, java.lang.String, java.lang.String)[pri:2, instance:tests.HomePageTest@48bb62]" started-at="2025-04-29T15:28:50Z" name="createFolder" data-provider="createFolder" finished-at="2025-04-29T15:29:04Z" duration-ms="14490" status="PASS">
          <params>
            <param index="0">
              <value>
                <![CDATA[folder1]]>
              </value>
            </param>
            <param index="1">
              <value>
                <![CDATA[h2so4in2008@gmail.com]]>
              </value>
            </param>
            <param index="2">
              <value>
                <![CDATA[Editor]]>
              </value>
            </param>
          </params>
          <reporter-output>
          </reporter-output>
        </test-method> <!-- createFolder -->
        <test-method is-config="true" signature="tearDown()[pri:0, instance:tests.HomePageTest@48bb62]" started-at="2025-04-29T15:29:04Z" name="tearDown" finished-at="2025-04-29T15:29:05Z" duration-ms="486" status="PASS">
          <reporter-output>
          </reporter-output>
        </test-method> <!-- tearDown -->
      </class> <!-- tests.HomePageTest -->
      <class name="tests.LogInPageTest">
        <test-method is-config="true" signature="setup()[pri:0, instance:tests.LogInPageTest@5032714f]" started-at="2025-04-29T15:28:23Z" name="setup" finished-at="2025-04-29T15:28:30Z" duration-ms="7094" status="PASS">
          <reporter-output>
          </reporter-output>
        </test-method> <!-- setup -->
        <test-method signature="verifyLoginPageTitle()[pri:1, instance:tests.LogInPageTest@5032714f]" started-at="2025-04-29T15:28:30Z" name="verifyLoginPageTitle" finished-at="2025-04-29T15:28:30Z" duration-ms="36" status="PASS">
          <reporter-output>
          </reporter-output>
        </test-method> <!-- verifyLoginPageTitle -->
        <test-method signature="verifyResetPasswordTest()[pri:2, instance:tests.LogInPageTest@5032714f]" started-at="2025-04-29T15:28:48Z" name="verifyResetPasswordTest" finished-at="2025-04-29T15:28:48Z" duration-ms="111" status="PASS">
          <reporter-output>
          </reporter-output>
        </test-method> <!-- verifyResetPasswordTest -->
        <test-method signature="loginTest()[pri:3, instance:tests.LogInPageTest@5032714f]" started-at="2025-04-29T15:29:05Z" name="loginTest" finished-at="2025-04-29T15:29:16Z" duration-ms="10948" status="PASS">
          <reporter-output>
          </reporter-output>
        </test-method> <!-- loginTest -->
        <test-method is-config="true" signature="tearDown()[pri:0, instance:tests.LogInPageTest@5032714f]" started-at="2025-04-29T15:29:16Z" name="tearDown" finished-at="2025-04-29T15:29:16Z" duration-ms="336" status="PASS">
          <reporter-output>
          </reporter-output>
        </test-method> <!-- tearDown -->
      </class> <!-- tests.LogInPageTest -->
    </test> <!-- box -->
  </suite> <!-- box com -->
</testng-results>
